<?xml version="1.0" encoding="UTF-8"?>
<beans xmlns="http://www.springframework.org/schema/beans"
	xmlns:xsi="http://www.w3.org/2001/XMLSchema-instance" xmlns:aop="http://www.springframework.org/schema/aop"
	xmlns:tx="http://www.springframework.org/schema/tx" xmlns:context="http://www.springframework.org/schema/context"
	xmlns:task="http://www.springframework.org/schema/task"
	xsi:schemaLocation="
		http://www.springframework.org/schema/beans http://www.springframework.org/schema/beans/spring-beans-3.1.xsd
		http://www.springframework.org/schema/tx http://www.springframework.org/schema/tx/spring-tx-3.1.xsd
		http://www.springframework.org/schema/aop http://www.springframework.org/schema/aop/spring-aop-3.1.xsd
		http://www.springframework.org/schema/task http://www.springframework.org/schema/task/spring-task-3.1.xsd
		http://www.springframework.org/schema/context http://www.springframework.org/schema/context/spring-context-3.1.xsd">

	<bean class="com.ufo.fang.center.test.TestEnv"/>
	
<!-- 	<bean id="jmsPooledConnectionFactory" class="org.apache.activemq.pool.PooledConnectionFactory" destroy-method="stop"> -->
<!-- 		<property name="connectionFactory"> -->
<!-- 			<bean class="org.apache.activemq.ActiveMQConnectionFactory"> -->
<!-- 				<property name="brokerURL" value="${jms.brokerURL}"/> -->
<!-- 				<property name="redeliveryPolicy"> -->
<!-- 					<bean class="org.apache.activemq.RedeliveryPolicy"> -->
<!-- 						<property name="initialRedeliveryDelay" value="${jms.initialRedeliveryDelay:3000}"/> -->
<!-- 						<property name="maximumRedeliveries" value="${jms.maximumRedeliveries:6}"/> -->
<!-- 					</bean> -->
<!-- 				</property> -->
<!-- 			</bean> -->
<!-- 		</property> -->
<!-- 		<property name="maxConnections" value="${jms.maxConnections:100}"/> -->
<!-- 	</bean> -->

<!-- 	<jms:listener-container connection-factory="jmsPooledConnectionFactory" acknowledge="transacted" task-executor="executor"> -->
<!-- 		<jms:listener destination="Consumer.app${client.appId}.VirtualTopic.order_pmt" ref="messageListener" method="onOrderPmt"/> -->
<!-- 		<jms:listener destination="Consumer.app${client.appId}.VirtualTopic.order_status" ref="messageListener" method="onOrderStatus"/> -->
<!-- 	</jms:listener-container> -->

<!-- 	<bean class="org.springframework.jms.core.JmsTemplate"> -->
<!-- 		<property name="connectionFactory" ref="jmsPooledConnectionFactory"/> -->
<!-- 	</bean> -->
</beans>